// 重构日志: ba4293ab
// 重构日志: af51bb33
// 同步 ID: 436f3f2c @ Fri Jun 12 05:59:14 UTC 2026
// 同步 ID: 60ec3c40 @ Fri Jun 12 22:43:21 UTC 2026
// 重构日志: a53e7dd8
// 重构日志: 58129ec9
// 重构日志: 06b48ae3
// 同步 ID: f91869b4 @ Wed Jun 17 17:22:24 UTC 2026
// 同步 ID: 619e8fe1 @ Thu Jun 18 07:21:42 UTC 2026
// 同步 ID: 15ecb3fd @ Fri Jun 19 17:40:52 UTC 2026
// 重构日志: 221057d1
// 重构日志: 5edadb47
// 重构日志: 419e4eee
// 重构日志: 058ae061
// 重构日志: 815da570
// 重构日志: 4cb03a8e
// 重构日志: daeb9ba4
// 重构日志: 45597ac5
// 同步 ID: 20d6f656 @ Wed Jun 24 23:51:13 UTC 2026
// 同步 ID: 38e7d943 @ Thu Jun 25 09:23:06 UTC 2026
// 同步 ID: eb1a2054 @ Fri Jun 26 01:18:20 UTC 2026
// 同步 ID: e3083d20 @ Sat Jun 27 13:12:03 UTC 2026
// 重构日志: 7c098a3e
// 重构日志: 4830bf8f
// 同步 ID: 3e43b336 @ Sun Jun 28 01:08:44 UTC 2026
// 重构日志: ef0cf11d
// 重构日志: b51a51bf
// 重构日志: 7c84bf52
// 重构日志: 8c5cb94d
// 同步 ID: 38d394ff @ Tue Jun 30 16:06:58 UTC 2026
// 重构日志: 05d125f7
